<?xml version="1.0" encoding="UTF-8"?>
<!-- Generated by org.testng.reporters.JUnitReportReporter -->
<testsuite hostname="DESKTOP-GIL2FHK" failures="0" tests="1" name="com.herouapp.theinternet.hoverstests.HoversTests" time="10.070" errors="0" timestamp="2024-05-20T21:23:49 IST" skipped="0">
  <testcase classname="com.herouapp.theinternet.hoverstests.HoversTests" name="user2ProfileTest" time="10.070"/>
</testsuite> <!-- com.herouapp.theinternet.hoverstests.HoversTests -->
