<?xml version="1.0" encoding="UTF-8"?>
<!-- Generated by org.testng.reporters.JUnitReportReporter -->
<testsuite hostname="DESKTOP-GIL2FHK" failures="0" tests="1" name="com.herouapp.theinternet.draganddroptests.DragAndDropTests" time="9.495" errors="0" timestamp="2024-05-20T21:06:18 IST" skipped="0">
  <testcase classname="com.herouapp.theinternet.draganddroptests.DragAndDropTests" name="dragAToBTest" time="9.495"/>
</testsuite> <!-- com.herouapp.theinternet.draganddroptests.DragAndDropTests -->
