<?xml version="1.0" encoding="UTF-8"?>
<!-- Generated by org.testng.reporters.JUnitReportReporter -->
<testsuite hostname="DESKTOP-GIL2FHK" failures="0" tests="5" name="com.herouapp.theinternet.loginpagetests.NegativeLogInTests" time="47.085" errors="0" timestamp="2024-05-21T06:52:49 IST" skipped="0">
  <testcase classname="com.herouapp.theinternet.loginpagetests.NegativeLogInTests" name="negativeLogInTest" time="8.437"/>
  <testcase classname="com.herouapp.theinternet.loginpagetests.NegativeLogInTests" name="negativeLogInTest" time="11.273"/>
  <testcase classname="com.herouapp.theinternet.loginpagetests.NegativeLogInTests" name="negativeLogInTest" time="9.145"/>
  <testcase classname="com.herouapp.theinternet.loginpagetests.NegativeLogInTests" name="negativeLogInTest" time="9.157"/>
  <testcase classname="com.herouapp.theinternet.loginpagetests.NegativeLogInTests" name="negativeLogInTest" time="9.073"/>
</testsuite> <!-- com.herouapp.theinternet.loginpagetests.NegativeLogInTests -->
