<?xml version="1.0" encoding="UTF-8"?>
<!-- Generated by org.testng.reporters.JUnitReportReporter -->
<testsuite hostname="DESKTOP-GIL2FHK" failures="0" tests="1" name="com.herouapp.theinternet.dropdowntests.DropdownTest" time="10.021" errors="0" timestamp="2024-05-17T07:03:03 IST" skipped="0">
  <testcase classname="com.herouapp.theinternet.dropdowntests.DropdownTest" name="optionTwoTest" time="10.021"/>
</testsuite> <!-- com.herouapp.theinternet.dropdowntests.DropdownTest -->
