<?xml version="1.0" encoding="UTF-8"?>
<!-- Generated by org.testng.reporters.JUnitReportReporter -->
<testsuite hostname="DESKTOP-GIL2FHK" failures="0" tests="1" name="com.herouapp.theinternet.editortests.EditorTests" time="13.215" errors="0" timestamp="2024-05-20T19:37:30 IST" skipped="0">
  <testcase classname="com.herouapp.theinternet.editortests.EditorTests" name="defaultEditorValueTest" time="13.215"/>
</testsuite> <!-- com.herouapp.theinternet.editortests.EditorTests -->
