<?xml version="1.0" encoding="UTF-8"?>
<!-- Generated by org.testng.reporters.JUnitReportReporter -->
<testsuite hostname="DESKTOP-GIL2FHK" failures="0" tests="1" name="com.herouapp.theinternet.horizontalslidertests.HorizontalSliderTests" time="20.239" errors="0" timestamp="2024-05-21T05:54:36 IST" skipped="0">
  <testcase classname="com.herouapp.theinternet.horizontalslidertests.HorizontalSliderTests" name="sliderTest" time="20.239"/>
</testsuite> <!-- com.herouapp.theinternet.horizontalslidertests.HorizontalSliderTests -->
