<?xml version="1.0" encoding="UTF-8"?>
<!-- Generated by org.testng.reporters.JUnitReportReporter -->
<testsuite hostname="DESKTOP-GIL2FHK" failures="0" tests="1" name="com.herouapp.theinternet.checkboxespagetests.CheckboxesTests" time="10.912" errors="0" timestamp="2024-05-16T20:44:03 IST" skipped="0">
  <testcase classname="com.herouapp.theinternet.checkboxespagetests.CheckboxesTests" name="selectingTwoCheckboxesTest" time="10.912"/>
</testsuite> <!-- com.herouapp.theinternet.checkboxespagetests.CheckboxesTests -->
