<?xml version="1.0" encoding="UTF-8"?>
<!-- Generated by org.testng.reporters.JUnitReportReporter -->
<testsuite hostname="DESKTOP-GIL2FHK" failures="0" tests="1" name="com.herouapp.theinternet.windowstests.WindowsTests" time="12.107" errors="0" timestamp="2024-05-17T08:48:27 IST" skipped="0">
  <testcase classname="com.herouapp.theinternet.windowstests.WindowsTests" name="newWindowTest" time="12.107"/>
</testsuite> <!-- com.herouapp.theinternet.windowstests.WindowsTests -->
