<?xml version="1.0" encoding="UTF-8"?>
<!-- Generated by org.testng.reporters.JUnitReportReporter -->
<testsuite hostname="DESKTOP-GIL2FHK" failures="0" tests="2" name="com.herouapp.theinternet.keypressestests.KeyPressesTests" time="45.822" errors="0" timestamp="2024-05-20T20:01:49 IST" skipped="0">
  <testcase classname="com.herouapp.theinternet.keypressestests.KeyPressesTests" name="pressKeyWithActionsTest" time="5.528"/>
  <testcase classname="com.herouapp.theinternet.keypressestests.KeyPressesTests" name="pressKeyWithActionsTest" time="40.294"/>
</testsuite> <!-- com.herouapp.theinternet.keypressestests.KeyPressesTests -->
