<?xml version="1.0" encoding="UTF-8"?>
<!-- Generated by org.testng.reporters.JUnitReportReporter -->
<testsuite hostname="DESKTOP-GIL2FHK" failures="0" tests="1" name="com.herouapp.theinternet.loginpagetests.PositiveLogInTests" time="12.790" errors="0" timestamp="2024-05-21T08:00:18 IST" skipped="0">
  <testcase classname="com.herouapp.theinternet.loginpagetests.PositiveLogInTests" name="logInTest" time="12.790"/>
</testsuite> <!-- com.herouapp.theinternet.loginpagetests.PositiveLogInTests -->
