<?xml version="1.0" encoding="UTF-8"?>
<!-- Generated by org.testng.reporters.JUnitReportReporter -->
<testsuite hostname="DESKTOP-GIL2FHK" failures="0" tests="3" name="com.herouapp.theinternet.uploadtests.UploadTests" time="22.231" errors="0" timestamp="2024-05-21T08:00:18 IST" skipped="0">
  <testcase classname="com.herouapp.theinternet.uploadtests.UploadTests" name="fileUploadTest" time="6.506"/>
  <testcase classname="com.herouapp.theinternet.uploadtests.UploadTests" name="fileUploadTest" time="8.841"/>
  <testcase classname="com.herouapp.theinternet.uploadtests.UploadTests" name="fileUploadTest" time="6.884"/>
</testsuite> <!-- com.herouapp.theinternet.uploadtests.UploadTests -->
